0 info it worked if it ends with ok
1 verbose cli [ 'C:\\Program Files\\nodejs\\node.exe',
1 verbose cli   'C:\\Program Files\\nodejs\\node_modules\\npm\\bin\\npm-cli.js',
1 verbose cli   'run',
1 verbose cli   'build' ]
2 info using npm@3.6.0
3 info using node@v5.7.0
4 verbose run-script [ 'prebuild', 'build', 'postbuild' ]
5 info lifecycle pirate_bartender@1.0.0~prebuild: pirate_bartender@1.0.0
6 silly lifecycle pirate_bartender@1.0.0~prebuild: no script for prebuild, continuing
7 info lifecycle pirate_bartender@1.0.0~build: pirate_bartender@1.0.0
8 verbose lifecycle pirate_bartender@1.0.0~build: unsafe-perm in lifecycle true
9 verbose lifecycle pirate_bartender@1.0.0~build: PATH: C:\Program Files\nodejs\node_modules\npm\bin\node-gyp-bin;E:\version-control\Thinkful\projects\pirate_bartender\node_modules\.bin;C:\Users\Stalin\bin;C:\Program Files\Git\mingw64\bin;C:\Program Files\Git\usr\local\bin;C:\Program Files\Git\usr\bin;C:\Program Files\Git\usr\bin;C:\Program Files\Git\mingw64\bin;C:\Program Files\Git\usr\bin;C:\Users\Stalin\bin;C:\Program Files (x86)\Intel\iCLS Client;C:\Program Files\Intel\iCLS Client;C:\Program Files (x86)\Lenovo\FusionEngine;C:\Windows\system32;C:\Windows;C:\Windows\System32\Wbem;C:\Windows\System32\WindowsPowerShell\v1.0;C:\Program Files (x86)\Common Files\lenovo\easyplussdk\bin;C:\Program Files (x86)\NVIDIA Corporation\PhysX\Common;C:\Program Files (x86)\Intel\Intel(R) Management Engine Components\DAL;C:\Program Files\Intel\Intel(R) Management Engine Components\DAL;C:\Program Files (x86)\Intel\Intel(R) Management Engine Components\IPT;C:\Program Files\Intel\Intel(R) Management Engine Components\IPT;C:\Program Files\Intel\WiFi\bin;C:\Program Files\Common Files\Intel\WirelessCommon;C:\Program Files (x86)\Skype\Phone;C:\WINDOWS\system32;C:\WINDOWS;C:\WINDOWS\System32\Wbem;C:\WINDOWS\System32\WindowsPowerShell\v1.0;C:\Program Files\nodejs;C:\Program Files (x86)\Windows Live\Shared;C:\Program Files (x86)\QuickTime\QTSystem;C:\Users\Stalin\AppData\Local\atom\bin;C:\Users\Stalin\AppData\Roaming\npm;C:\Program Files\Exercism;%USERPROFILE%\AppData\Local\Microsoft\WindowsApps;C:\Program Files\Git\usr\bin\vendor_perl;C:\Program Files\Git\usr\bin\core_perl
10 verbose lifecycle pirate_bartender@1.0.0~build: CWD: E:\version-control\Thinkful\projects\pirate_bartender
11 silly lifecycle pirate_bartender@1.0.0~build: Args: [ '/d /s /c',
11 silly lifecycle   'npm run clean && npm run mkdir && npm run build:html && npm run build:css && npm run build:js' ]
12 silly lifecycle pirate_bartender@1.0.0~build: Returned: code: 1  signal: null
13 info lifecycle pirate_bartender@1.0.0~build: Failed to exec build script
14 verbose stack Error: pirate_bartender@1.0.0 build: `npm run clean && npm run mkdir && npm run build:html && npm run build:css && npm run build:js`
14 verbose stack Exit status 1
14 verbose stack     at EventEmitter.<anonymous> (C:\Program Files\nodejs\node_modules\npm\lib\utils\lifecycle.js:232:16)
14 verbose stack     at emitTwo (events.js:100:13)
14 verbose stack     at EventEmitter.emit (events.js:185:7)
14 verbose stack     at ChildProcess.<anonymous> (C:\Program Files\nodejs\node_modules\npm\lib\utils\spawn.js:24:14)
14 verbose stack     at emitTwo (events.js:100:13)
14 verbose stack     at ChildProcess.emit (events.js:185:7)
14 verbose stack     at maybeClose (internal/child_process.js:827:16)
14 verbose stack     at Process.ChildProcess._handle.onexit (internal/child_process.js:211:5)
15 verbose pkgid pirate_bartender@1.0.0
16 verbose cwd E:\version-control\Thinkful\projects\pirate_bartender
17 error Windows_NT 10.0.14393
18 error argv "C:\\Program Files\\nodejs\\node.exe" "C:\\Program Files\\nodejs\\node_modules\\npm\\bin\\npm-cli.js" "run" "build"
19 error node v5.7.0
20 error npm  v3.6.0
21 error code ELIFECYCLE
22 error pirate_bartender@1.0.0 build: `npm run clean && npm run mkdir && npm run build:html && npm run build:css && npm run build:js`
22 error Exit status 1
23 error Failed at the pirate_bartender@1.0.0 build script 'npm run clean && npm run mkdir && npm run build:html && npm run build:css && npm run build:js'.
23 error Make sure you have the latest version of node.js and npm installed.
23 error If you do, this is most likely a problem with the pirate_bartender package,
23 error not with npm itself.
23 error Tell the author that this fails on your system:
23 error     npm run clean && npm run mkdir && npm run build:html && npm run build:css && npm run build:js
23 error You can get information on how to open an issue for this project with:
23 error     npm bugs pirate_bartender
23 error Or if that isn't available, you can get their info via:
23 error     npm owner ls pirate_bartender
23 error There is likely additional logging output above.
24 verbose exit [ 1, true ]
